# JRE version: OpenJDK Runtime Environment (17.0.10) (build 17.0.10+0--11609105)
# Java VM: OpenJDK 64-Bit Server VM (17.0.10+0--11609105, mixed mode, tiered, compressed oops, compressed class ptrs, g1 gc, windows-amd64)
GC Precious Log:
 CPUs: 12 total, 12 available
 Memory: 16335M
 Large Page Support: Disabled
 NUMA Support: Disabled
 Compressed Oops: Enabled (32-bit)
 Heap Region Size: 1M
 Heap Min Capacity: 8M
 Heap Initial Capacity: 256M
 Heap Max Capacity: 2G
 Pre-touch: Disabled
 Parallel Workers: 10
 Concurrent Workers: 3
 Concurrent Refinement Workers: 10
 Periodic GC: Disabled
Heap:
 garbage-first heap   total 448512K, used 365323K [0x0000000080000000, 0x0000000100000000)
  region size 1024K, 45 young (46080K), 10 survivors (10240K)
 Metaspace       used 142601K, committed 143616K, reserved 1179648K
  class space    used 19624K, committed 20096K, reserved 1048576K
GC Heap History (20 events):
Event: 58.603 GC heap before
{Heap before GC invocations=47 (full 0):
 garbage-first heap   total 448512K, used 369287K [0x0000000080000000, 0x0000000100000000)
  region size 1024K, 96 young (98304K), 15 survivors (15360K)
 Metaspace       used 120836K, committed 121728K, reserved 1179648K
  class space    used 16652K, committed 17088K, reserved 1048576K
}
Event: 58.615 GC heap after
{Heap after GC invocations=48 (full 0):
 garbage-first heap   total 448512K, used 281553K [0x0000000080000000, 0x0000000100000000)
  region size 1024K, 10 young (10240K), 10 survivors (10240K)
 Metaspace       used 120836K, committed 121728K, reserved 1179648K
  class space    used 16652K, committed 17088K, reserved 1048576K
}
Event: 58.851 GC heap before
{Heap before GC invocations=48 (full 0):
 garbage-first heap   total 448512K, used 370641K [0x0000000080000000, 0x0000000100000000)
  region size 1024K, 88 young (90112K), 10 survivors (10240K)
 Metaspace       used 121074K, committed 121984K, reserved 1179648K
  class space    used 16660K, committed 17088K, reserved 1048576K
}
Event: 58.857 GC heap after
{Heap after GC invocations=49 (full 0):
 garbage-first heap   total 448512K, used 284242K [0x0000000080000000, 0x0000000100000000)
  region size 1024K, 8 young (8192K), 8 survivors (8192K)
 Metaspace       used 121074K, committed 121984K, reserved 1179648K
  class space    used 16660K, committed 17088K, reserved 1048576K
}
Event: 60.502 GC heap before
{Heap before GC invocations=49 (full 0):
 garbage-first heap   total 448512K, used 365138K [0x0000000080000000, 0x0000000100000000)
  region size 1024K, 86 young (88064K), 8 survivors (8192K)
 Metaspace       used 121929K, committed 122816K, reserved 1179648K
  class space    used 16761K, committed 17216K, reserved 1048576K
}
Event: 60.506 GC heap after
{Heap after GC invocations=50 (full 0):
 garbage-first heap   total 448512K, used 287166K [0x0000000080000000, 0x0000000100000000)
  region size 1024K, 7 young (7168K), 7 survivors (7168K)
 Metaspace       used 121929K, committed 122816K, reserved 1179648K
  class space    used 16761K, committed 17216K, reserved 1048576K
}
Event: 61.045 GC heap before
{Heap before GC invocations=50 (full 0):
 garbage-first heap   total 448512K, used 367038K [0x0000000080000000, 0x0000000100000000)
  region size 1024K, 86 young (88064K), 7 survivors (7168K)
 Metaspace       used 127158K, committed 128128K, reserved 1179648K
  class space    used 17460K, committed 17920K, reserved 1048576K
}
Event: 61.049 GC heap after
{Heap after GC invocations=51 (full 0):
 garbage-first heap   total 448512K, used 290045K [0x0000000080000000, 0x0000000100000000)
  region size 1024K, 6 young (6144K), 6 survivors (6144K)
 Metaspace       used 127158K, committed 128128K, reserved 1179648K
  class space    used 17460K, committed 17920K, reserved 1048576K
}
Event: 62.272 GC heap before
{Heap before GC invocations=51 (full 0):
 garbage-first heap   total 448512K, used 372989K [0x0000000080000000, 0x0000000100000000)
  region size 1024K, 86 young (88064K), 6 survivors (6144K)
 Metaspace       used 132081K, committed 132992K, reserved 1179648K
  class space    used 18034K, committed 18496K, reserved 1048576K
}
Event: 62.275 GC heap after
{Heap after GC invocations=52 (full 0):
 garbage-first heap   total 448512K, used 294841K [0x0000000080000000, 0x0000000100000000)
  region size 1024K, 9 young (9216K), 9 survivors (9216K)
 Metaspace       used 132081K, committed 132992K, reserved 1179648K
  class space    used 18034K, committed 18496K, reserved 1048576K
}
Event: 66.059 GC heap before
{Heap before GC invocations=52 (full 0):
 garbage-first heap   total 448512K, used 376761K [0x0000000080000000, 0x0000000100000000)
  region size 1024K, 88 young (90112K), 9 survivors (9216K)
 Metaspace       used 136385K, committed 137216K, reserved 1179648K
  class space    used 18797K, committed 19200K, reserved 1048576K
}
Event: 66.067 GC heap after
{Heap after GC invocations=53 (full 0):
 garbage-first heap   total 448512K, used 303490K [0x0000000080000000, 0x0000000100000000)
  region size 1024K, 11 young (11264K), 11 survivors (11264K)
 Metaspace       used 136385K, committed 137216K, reserved 1179648K
  class space    used 18797K, committed 19200K, reserved 1048576K
}
Event: 66.374 GC heap before
{Heap before GC invocations=53 (full 0):
 garbage-first heap   total 448512K, used 374146K [0x0000000080000000, 0x0000000100000000)
  region size 1024K, 81 young (82944K), 11 survivors (11264K)
 Metaspace       used 139678K, committed 140544K, reserved 1179648K
  class space    used 19298K, committed 19712K, reserved 1048576K
}
Event: 66.378 GC heap after
{Heap after GC invocations=54 (full 0):
 garbage-first heap   total 448512K, used 302502K [0x0000000080000000, 0x0000000100000000)
  region size 1024K, 3 young (3072K), 3 survivors (3072K)
 Metaspace       used 139678K, committed 140544K, reserved 1179648K
  class space    used 19298K, committed 19712K, reserved 1048576K
}
Event: 67.285 GC heap before
{Heap before GC invocations=54 (full 0):
 garbage-first heap   total 448512K, used 392614K [0x0000000080000000, 0x0000000100000000)
  region size 1024K, 65 young (66560K), 3 survivors (3072K)
 Metaspace       used 141577K, committed 142528K, reserved 1179648K
  class space    used 19533K, committed 19968K, reserved 1048576K
}
Event: 67.288 GC heap after
{Heap after GC invocations=55 (full 0):
 garbage-first heap   total 448512K, used 308429K [0x0000000080000000, 0x0000000100000000)
  region size 1024K, 2 young (2048K), 2 survivors (2048K)
 Metaspace       used 141577K, committed 142528K, reserved 1179648K
  class space    used 19533K, committed 19968K, reserved 1048576K
}
Event: 266.085 GC heap before
{Heap before GC invocations=55 (full 0):
 garbage-first heap   total 448512K, used 404685K [0x0000000080000000, 0x0000000100000000)
  region size 1024K, 76 young (77824K), 2 survivors (2048K)
 Metaspace       used 142402K, committed 143360K, reserved 1179648K
  class space    used 19607K, committed 20096K, reserved 1048576K
}
Event: 266.091 GC heap after
{Heap after GC invocations=56 (full 0):
 garbage-first heap   total 448512K, used 314286K [0x0000000080000000, 0x0000000100000000)
  region size 1024K, 10 young (10240K), 10 survivors (10240K)
 Metaspace       used 142402K, committed 143360K, reserved 1179648K
  class space    used 19607K, committed 20096K, reserved 1048576K
}
Event: 267.633 GC heap before
{Heap before GC invocations=56 (full 0):
 garbage-first heap   total 448512K, used 398254K [0x0000000080000000, 0x0000000100000000)
  region size 1024K, 76 young (77824K), 10 survivors (10240K)
 Metaspace       used 142574K, committed 143616K, reserved 1179648K
  class space    used 19622K, committed 20096K, reserved 1048576K
}
Event: 267.643 GC heap after
{Heap after GC invocations=57 (full 0):
 garbage-first heap   total 448512K, used 331531K [0x0000000080000000, 0x0000000100000000)
  region size 1024K, 10 young (10240K), 10 survivors (10240K)
 Metaspace       used 142574K, committed 143616K, reserved 1179648K
  class space    used 19622K, committed 20096K, reserved 1048576K
}

