# JRE version: OpenJDK Runtime Environment (17.0.10) (build 17.0.10+0--11572160)
# Java VM: OpenJDK 64-Bit Server VM (17.0.10+0--11572160, mixed mode, tiered, compressed oops, compressed class ptrs, g1 gc, windows-amd64)
GC Precious Log:
 CPUs: 12 total, 12 available
 Memory: 16335M
 Large Page Support: Disabled
 NUMA Support: Disabled
 Compressed Oops: Enabled (32-bit)
 Heap Region Size: 1M
 Heap Min Capacity: 8M
 Heap Initial Capacity: 256M
 Heap Max Capacity: 2G
 Pre-touch: Disabled
 Parallel Workers: 10
 Concurrent Workers: 3
 Concurrent Refinement Workers: 10
 Periodic GC: Disabled
Heap:
 garbage-first heap   total 109568K, used 59386K [0x0000000080000000, 0x0000000100000000)
  region size 1024K, 7 young (7168K), 4 survivors (4096K)
 Metaspace       used 49728K, committed 50304K, reserved 1114112K
  class space    used 6735K, committed 6976K, reserved 1048576K
GC Heap History (20 events):
Event: 2.811 GC heap before
{Heap before GC invocations=6 (full 0):
 garbage-first heap   total 71680K, used 59948K [0x0000000080000000, 0x0000000100000000)
  region size 1024K, 31 young (31744K), 4 survivors (4096K)
 Metaspace       used 33227K, committed 33536K, reserved 1114112K
  class space    used 4521K, committed 4672K, reserved 1048576K
}
Event: 2.813 GC heap after
{Heap after GC invocations=7 (full 0):
 garbage-first heap   total 71680K, used 39608K [0x0000000080000000, 0x0000000100000000)
  region size 1024K, 4 young (4096K), 4 survivors (4096K)
 Metaspace       used 33227K, committed 33536K, reserved 1114112K
  class space    used 4521K, committed 4672K, reserved 1048576K
}
Event: 2.976 GC heap before
{Heap before GC invocations=7 (full 0):
 garbage-first heap   total 71680K, used 55992K [0x0000000080000000, 0x0000000100000000)
  region size 1024K, 20 young (20480K), 4 survivors (4096K)
 Metaspace       used 35228K, committed 35520K, reserved 1114112K
  class space    used 4859K, committed 4992K, reserved 1048576K
}
Event: 2.978 GC heap after
{Heap after GC invocations=8 (full 0):
 garbage-first heap   total 71680K, used 40847K [0x0000000080000000, 0x0000000100000000)
  region size 1024K, 1 young (1024K), 1 survivors (1024K)
 Metaspace       used 35228K, committed 35520K, reserved 1114112K
  class space    used 4859K, committed 4992K, reserved 1048576K
}
Event: 3.172 GC heap before
{Heap before GC invocations=9 (full 0):
 garbage-first heap   total 71680K, used 56207K [0x0000000080000000, 0x0000000100000000)
  region size 1024K, 17 young (17408K), 1 survivors (1024K)
 Metaspace       used 37735K, committed 38144K, reserved 1114112K
  class space    used 5256K, committed 5440K, reserved 1048576K
}
Event: 3.173 GC heap after
{Heap after GC invocations=10 (full 0):
 garbage-first heap   total 71680K, used 41470K [0x0000000080000000, 0x0000000100000000)
  region size 1024K, 2 young (2048K), 2 survivors (2048K)
 Metaspace       used 37735K, committed 38144K, reserved 1114112K
  class space    used 5256K, committed 5440K, reserved 1048576K
}
Event: 3.361 GC heap before
{Heap before GC invocations=10 (full 0):
 garbage-first heap   total 71680K, used 55806K [0x0000000080000000, 0x0000000100000000)
  region size 1024K, 17 young (17408K), 2 survivors (2048K)
 Metaspace       used 41616K, committed 41984K, reserved 1114112K
  class space    used 5665K, committed 5824K, reserved 1048576K
}
Event: 3.363 GC heap after
{Heap after GC invocations=11 (full 0):
 garbage-first heap   total 71680K, used 43254K [0x0000000080000000, 0x0000000100000000)
  region size 1024K, 3 young (3072K), 3 survivors (3072K)
 Metaspace       used 41616K, committed 41984K, reserved 1114112K
  class space    used 5665K, committed 5824K, reserved 1048576K
}
Event: 3.519 GC heap before
{Heap before GC invocations=12 (full 0):
 garbage-first heap   total 75776K, used 56566K [0x0000000080000000, 0x0000000100000000)
  region size 1024K, 17 young (17408K), 3 survivors (3072K)
 Metaspace       used 43623K, committed 44032K, reserved 1114112K
  class space    used 5891K, committed 6080K, reserved 1048576K
}
Event: 3.521 GC heap after
{Heap after GC invocations=13 (full 0):
 garbage-first heap   total 75776K, used 45059K [0x0000000080000000, 0x0000000100000000)
  region size 1024K, 2 young (2048K), 2 survivors (2048K)
 Metaspace       used 43623K, committed 44032K, reserved 1114112K
  class space    used 5891K, committed 6080K, reserved 1048576K
}
Event: 3.572 GC heap before
{Heap before GC invocations=13 (full 0):
 garbage-first heap   total 75776K, used 60419K [0x0000000080000000, 0x0000000100000000)
  region size 1024K, 17 young (17408K), 2 survivors (2048K)
 Metaspace       used 43706K, committed 44096K, reserved 1114112K
  class space    used 5895K, committed 6080K, reserved 1048576K
}
Event: 3.573 GC heap after
{Heap after GC invocations=14 (full 0):
 garbage-first heap   total 75776K, used 45534K [0x0000000080000000, 0x0000000100000000)
  region size 1024K, 3 young (3072K), 3 survivors (3072K)
 Metaspace       used 43706K, committed 44096K, reserved 1114112K
  class space    used 5895K, committed 6080K, reserved 1048576K
}
Event: 3.630 GC heap before
{Heap before GC invocations=15 (full 0):
 garbage-first heap   total 80896K, used 49630K [0x0000000080000000, 0x0000000100000000)
  region size 1024K, 9 young (9216K), 3 survivors (3072K)
 Metaspace       used 44133K, committed 44544K, reserved 1114112K
  class space    used 5941K, committed 6144K, reserved 1048576K
}
Event: 3.632 GC heap after
{Heap after GC invocations=16 (full 0):
 garbage-first heap   total 80896K, used 46851K [0x0000000080000000, 0x0000000100000000)
  region size 1024K, 3 young (3072K), 3 survivors (3072K)
 Metaspace       used 44133K, committed 44544K, reserved 1114112K
  class space    used 5941K, committed 6144K, reserved 1048576K
}
Event: 3.865 GC heap before
{Heap before GC invocations=17 (full 0):
 garbage-first heap   total 91136K, used 70403K [0x0000000080000000, 0x0000000100000000)
  region size 1024K, 21 young (21504K), 3 survivors (3072K)
 Metaspace       used 46904K, committed 47360K, reserved 1114112K
  class space    used 6260K, committed 6464K, reserved 1048576K
}
Event: 3.867 GC heap after
{Heap after GC invocations=18 (full 0):
 garbage-first heap   total 91136K, used 47805K [0x0000000080000000, 0x0000000100000000)
  region size 1024K, 3 young (3072K), 3 survivors (3072K)
 Metaspace       used 46904K, committed 47360K, reserved 1114112K
  class space    used 6260K, committed 6464K, reserved 1048576K
}
Event: 4.150 GC heap before
{Heap before GC invocations=18 (full 0):
 garbage-first heap   total 91136K, used 73405K [0x0000000080000000, 0x0000000100000000)
  region size 1024K, 28 young (28672K), 3 survivors (3072K)
 Metaspace       used 49570K, committed 49984K, reserved 1114112K
  class space    used 6706K, committed 6912K, reserved 1048576K
}
Event: 4.152 GC heap after
{Heap after GC invocations=19 (full 0):
 garbage-first heap   total 109568K, used 50362K [0x0000000080000000, 0x0000000100000000)
  region size 1024K, 4 young (4096K), 4 survivors (4096K)
 Metaspace       used 49570K, committed 49984K, reserved 1114112K
  class space    used 6706K, committed 6912K, reserved 1048576K
}
Event: 4.177 GC heap before
{Heap before GC invocations=20 (full 0):
 garbage-first heap   total 109568K, used 54458K [0x0000000080000000, 0x0000000100000000)
  region size 1024K, 6 young (6144K), 4 survivors (4096K)
 Metaspace       used 49588K, committed 50048K, reserved 1114112K
  class space    used 6707K, committed 6912K, reserved 1048576K
}
Event: 4.179 GC heap after
{Heap after GC invocations=21 (full 0):
 garbage-first heap   total 109568K, used 54266K [0x0000000080000000, 0x0000000100000000)
  region size 1024K, 4 young (4096K), 4 survivors (4096K)
 Metaspace       used 49588K, committed 50048K, reserved 1114112K
  class space    used 6707K, committed 6912K, reserved 1048576K
}

